Flow report for nios_ii
Sat Mar 28 17:25:54 2026
Quartus Prime Version 18.1.0 Build 625 09/12/2018 SJ Lite Edition


---------------------
; Table of Contents ;
---------------------
  1. Legal Notice
  2. Flow Summary
  3. Flow Settings
  4. Flow Non-Default Global Settings
  5. Flow Elapsed Time
  6. Flow OS Summary
  7. Flow Log
  8. Flow Messages
  9. Flow Suppressed Messages



----------------
; Legal Notice ;
----------------
Copyright (C) 2018  Intel Corporation. All rights reserved.
Your use of Intel Corporation's design tools, logic functions 
and other software and tools, and its AMPP partner logic 
functions, and any output files from any of the foregoing 
(including device programming or simulation files), and any 
associated documentation or information are expressly subject 
to the terms and conditions of the Intel Program License 
Subscription Agreement, the Intel Quartus Prime License Agreement,
the Intel FPGA IP License Agreement, or other applicable license
agreement, including, without limitation, that your use is for
the sole purpose of programming logic devices manufactured by
Intel and sold by Intel or its authorized distributors.  Please
refer to the applicable agreement for further details.



+----------------------------------------------------------------------------------+
; Flow Summary                                                                     ;
+------------------------------------+---------------------------------------------+
; Flow Status                        ; Successful - Sat Mar 28 17:25:34 2026       ;
; Quartus Prime Version              ; 18.1.0 Build 625 09/12/2018 SJ Lite Edition ;
; Revision Name                      ; nios_ii                                     ;
; Top-level Entity Name              ; nios_ii                                     ;
; Family                             ; Cyclone IV E                                ;
; Device                             ; EP4CE115F29C7                               ;
; Timing Models                      ; Final                                       ;
; Total logic elements               ; 32,441 / 114,480 ( 28 % )                   ;
;     Total combinational functions  ; 28,817 / 114,480 ( 25 % )                   ;
;     Dedicated logic registers      ; 14,382 / 114,480 ( 13 % )                   ;
; Total registers                    ; 14382                                       ;
; Total pins                         ; 2 / 529 ( < 1 % )                           ;
; Total virtual pins                 ; 0                                           ;
; Total memory bits                  ; 3,264,128 / 3,981,312 ( 82 % )              ;
; Embedded Multiplier 9-bit elements ; 6 / 532 ( 1 % )                             ;
; Total PLLs                         ; 0 / 4 ( 0 % )                               ;
+------------------------------------+---------------------------------------------+


+-----------------------------------------+
; Flow Settings                           ;
+-------------------+---------------------+
; Option            ; Setting             ;
+-------------------+---------------------+
; Start date & time ; 03/28/2026 17:16:49 ;
; Main task         ; Compilation         ;
; Revision Name     ; nios_ii             ;
+-------------------+---------------------+


+--------------------------------------------------------------------------------------------------------------------------------------------+
; Flow Non-Default Global Settings                                                                                                           ;
+-------------------------------------+-----------------------------------------------------------+---------------+-------------+------------+
; Assignment Name                     ; Value                                                     ; Default Value ; Entity Name ; Section Id ;
+-------------------------------------+-----------------------------------------------------------+---------------+-------------+------------+
; COMPILER_SIGNATURE_ID               ; 226805424009487.177469840912620                           ; --            ; --          ; --         ;
; MAX_CORE_JUNCTION_TEMP              ; 85                                                        ; --            ; --          ; --         ;
; MIN_CORE_JUNCTION_TEMP              ; 0                                                         ; --            ; --          ; --         ;
; MISC_FILE                           ; nios_ii/synthesis/../nios_ii.cmp                          ; --            ; --          ; --         ;
; MISC_FILE                           ; nios_ii/synthesis/../../nios_ii.qsys                      ; --            ; --          ; --         ;
; NOMINAL_CORE_SUPPLY_VOLTAGE         ; 1.2V                                                      ; --            ; --          ; --         ;
; PARTITION_COLOR                     ; -- (Not supported for targeted family)                    ; --            ; --          ; Top        ;
; PARTITION_FITTER_PRESERVATION_LEVEL ; -- (Not supported for targeted family)                    ; --            ; --          ; Top        ;
; PARTITION_NETLIST_TYPE              ; -- (Not supported for targeted family)                    ; --            ; --          ; Top        ;
; POWER_BOARD_THERMAL_MODEL           ; None (CONSERVATIVE)                                       ; --            ; --          ; --         ;
; POWER_PRESET_COOLING_SOLUTION       ; 23 MM HEAT SINK WITH 200 LFPM AIRFLOW                     ; --            ; --          ; --         ;
; PROJECT_OUTPUT_DIRECTORY            ; output_files                                              ; --            ; --          ; --         ;
; SLD_FILE                            ; nios_ii/synthesis/nios_ii.regmap                          ; --            ; --          ; --         ;
; SLD_FILE                            ; nios_ii/synthesis/nios_ii.debuginfo                       ; --            ; --          ; --         ;
; SLD_INFO                            ; QSYS_NAME nios_ii HAS_SOPCINFO 1 GENERATION_ID 1773147757 ; --            ; --          ; --         ;
; SOPCINFO_FILE                       ; nios_ii/synthesis/../../nios_ii.sopcinfo                  ; --            ; --          ; --         ;
; SYNTHESIS_ONLY_QIP                  ; On                                                        ; --            ; --          ; --         ;
+-------------------------------------+-----------------------------------------------------------+---------------+-------------+------------+


+--------------------------------------------------------------------------------------------------------------------------+
; Flow Elapsed Time                                                                                                        ;
+----------------------+--------------+-------------------------+---------------------+------------------------------------+
; Module Name          ; Elapsed Time ; Average Processors Used ; Peak Virtual Memory ; Total CPU Time (on all processors) ;
+----------------------+--------------+-------------------------+---------------------+------------------------------------+
; Analysis & Synthesis ; 00:03:18     ; 1.0                     ; 5140 MB             ; 00:03:09                           ;
; Fitter               ; 00:05:00     ; 1.0                     ; 5763 MB             ; 00:06:17                           ;
; Assembler            ; 00:00:07     ; 1.0                     ; 4831 MB             ; 00:00:06                           ;
; Timing Analyzer      ; 00:00:19     ; 1.2                     ; 5131 MB             ; 00:00:17                           ;
; Total                ; 00:08:44     ; --                      ; --                  ; 00:09:49                           ;
+----------------------+--------------+-------------------------+---------------------+------------------------------------+


+------------------------------------------------------------------------------------+
; Flow OS Summary                                                                    ;
+----------------------+------------------+------------+------------+----------------+
; Module Name          ; Machine Hostname ; OS Name    ; OS Version ; Processor type ;
+----------------------+------------------+------------+------------+----------------+
; Analysis & Synthesis ; NAREN            ; Windows 10 ; 10.0       ; x86_64         ;
; Fitter               ; NAREN            ; Windows 10 ; 10.0       ; x86_64         ;
; Assembler            ; NAREN            ; Windows 10 ; 10.0       ; x86_64         ;
; Timing Analyzer      ; NAREN            ; Windows 10 ; 10.0       ; x86_64         ;
+----------------------+------------------+------------+------------+----------------+


------------
; Flow Log ;
------------
quartus_map --read_settings_files=on --write_settings_files=off nios_ii -c nios_ii
quartus_fit --read_settings_files=off --write_settings_files=off nios_ii -c nios_ii
quartus_asm --read_settings_files=off --write_settings_files=off nios_ii -c nios_ii
quartus_sta nios_ii -c nios_ii



